<http://dbpedia.org/ontology/areaCode> 1
<http://dbpedia.org/ontology/dissolutionDate> 18
<http://dbpedia.org/ontology/maximumElevation> 1
<http://dbpedia.org/ontology/largestSettlement> 1
<http://dbpedia.org/ontology/motto> 157
<http://dbpedia.org/ontology/arm> 1
<http://dbpedia.org/ontology/leaderTitle> 333
<http://dbpedia.org/ontology/demonym> 127
<http://xmlns.com/foaf/0.1/homepage> 3
<http://dbpedia.org/ontology/populationTotal> 7
<http://www.w3.org/2003/01/geo/wgs84_pos#long> 131
<http://www.georss.org/georss/point> 131
<http://dbpedia.org/ontology/language> 342
<http://dbpedia.org/ontology/band> 1
<http://dbpedia.org/ontology/dissolutionYear> 21
<http://dbpedia.org/ontology/populationDensity> 231
<http://dbpedia.org/ontology/refseq> 1
<http://dbpedia.org/ontology/foundingYear> 21
<http://dbpedia.org/ontology/percentageOfAreaWater> 101
<http://dbpedia.org/ontology/country> 6
<http://dbpedia.org/ontology/leaderName> 346
<http://dbpedia.org/ontology/minimumElevation> 1
<http://dbpedia.org/ontology/regionalLanguage> 125
<http://dbpedia.org/ontology/areaMetro> 242
<http://dbpedia.org/ontology/entrezgene> 1
<http://dbpedia.org/ontology/postalCode> 3
<http://dbpedia.org/ontology/areaLand> 3
<http://dbpedia.org/ontology/location> 4
<http://dbpedia.org/ontology/governmentType> 164
<http://dbpedia.org/ontology/currency> 151
<http://xmlns.com/foaf/0.1/name> 453
<http://dbpedia.org/ontology/chromosome> 1
<http://dbpedia.org/ontology/ethnicGroup> 200
<http://dbpedia.org/ontology/omim> 1
<http://dbpedia.org/ontology/officialLanguage> 173
<http://www.w3.org/1999/02/22-rdf-syntax-ns#type> 131
<http://dbpedia.org/ontology/areaTotal> 7
<http://dbpedia.org/ontology/symbol> 1
<http://dbpedia.org/ontology/areaWater> 3
<http://www.w3.org/2003/01/geo/wgs84_pos#lat> 131
<http://dbpedia.org/ontology/capital> 155
<http://dbpedia.org/ontology/ecNumber> 1
<http://dbpedia.org/ontology/foundingDate> 164
<http://dbpedia.org/ontology/ethnicGroupsInYear> 3
<http://dbpedia.org/ontology/uniprot> 1
<http://dbpedia.org/ontology/largestCity> 68
<http://dbpedia.org/ontology/elevation> 3
<http://dbpedia.org/ontology/hgncid> 1
<http://dbpedia.org/ontology/anthem> 174
